0 info it worked if it ends with ok
1 verbose cli [
1 verbose cli   '/home/andrewos/.nvm/versions/node/v14.2.0/bin/node',
1 verbose cli   '/home/andrewos/.nvm/versions/node/v14.2.0/bin/npm',
1 verbose cli   'run',
1 verbose cli   'test',
1 verbose cli   '--no-cache'
1 verbose cli ]
2 info using npm@6.14.4
3 info using node@v14.2.0
4 verbose run-script [ 'pretest', 'test', 'posttest' ]
5 info lifecycle example-project@1.0.0~pretest: example-project@1.0.0
6 info lifecycle example-project@1.0.0~test: example-project@1.0.0
7 verbose lifecycle example-project@1.0.0~test: unsafe-perm in lifecycle true
8 verbose lifecycle example-project@1.0.0~test: PATH: /home/andrewos/.nvm/versions/node/v14.2.0/lib/node_modules/npm/node_modules/npm-lifecycle/node-gyp-bin:/mnt/c/Users/andre/Desktop/Udacity/Weather App/fend/projects/udacity-project4/node_modules/.bin:/home/andrewos/bin:/home/andrewos/.local/bin:/home/andrewos/.nvm/versions/node/v14.2.0/bin:/home/andrewos/.cabal/bin:/home/andrewos/.ghcup/bin:/usr/local/sbin:/usr/local/bin:/usr/sbin:/usr/bin:/sbin:/bin:/usr/games:/usr/local/games:/mnt/c/Program Files/Haskell/bin:/mnt/c/Program Files/Haskell Platform/8.6.3/lib/extralibs/bin:/mnt/c/Program Files/Haskell Platform/8.6.3/bin:/mnt/c/Program Files (x86)/Common Files/Intel/Shared Libraries/redist/intel64/compiler:/mnt/c/ProgramData/Oracle/Java/javapath:/mnt/c/Program Files (x86)/Intel/iCLS Client/:/mnt/c/Program Files/Intel/iCLS Client/:/mnt/c/windows/system32:/mnt/c/windows:/mnt/c/windows/System32/Wbem:/mnt/c/windows/System32/WindowsPowerShell/v1.0/:/mnt/c/Program Files (x86)/NVIDIA Corporation/PhysX/Common:/mnt/c/Program Files/WIDCOMM/Bluetooth Software/:/mnt/c/Program Files/WIDCOMM/Bluetooth Software/syswow64:/mnt/c/Program Files (x86)/Intel/Intel(R) Management Engine Components/DAL:/mnt/c/Program Files/Intel/Intel(R) Management Engine Components/DAL:/mnt/c/Program Files (x86)/Intel/Intel(R) Management Engine Components/IPT:/mnt/c/Program Files/Intel/Intel(R) Management Engine Components/IPT:/mnt/c/Program Files/Microsoft SQL Server/130/Tools/Binn/:/mnt/c/Users/andre/.dnx/bin:/mnt/c/Program Files/Microsoft DNX/Dnvm/:/mnt/c/Program Files/MiKTeX 2.9/miktex/bin/x64/:/mnt/c/Program Files/PuTTY/:/mnt/c/Program Files (x86)/Windows Kits/8.1/Windows Performance Toolkit/:/mnt/c/WINDOWS/system32:/mnt/c/WINDOWS:/mnt/c/WINDOWS/System32/Wbem:/mnt/c/WINDOWS/System32/WindowsPowerShell/v1.0/:/mnt/c/Program Files (x86)/GtkSharp/2.12/bin:/mnt/c/Program Files (x86)/GTK2-Runtime/bin:/mnt/c/WINDOWS/System32/OpenSSH/:/mnt/c/Program Files/Haskell Platform/8.6.3/mingw/bin:/mnt/c/Program Files/nodejs/:/mnt/c/Program Files/NVIDIA Corporation/NVIDIA NvDLISR:/mnt/c/Program Files (x86)/Calibre2/:/mnt/c/Users/andre/AppData/Roaming/cabal/bin:/mnt/c/Users/andre/AppData/Roaming/local/bin:/mnt/c/Users/andre/AppData/Local/Microsoft/WindowsApps:/mnt/c/Users/andre/AppData/Roaming/MiKTeX/2.9/miktex/bin/x64/:/mnt/c/Users/andre/AppData/Local/atom/bin:/mnt/c/Users/andre/AppData/Local/Microsoft/WindowsApps:/mnt/c/Users/andre:/mnt/c/Users/andre/Anaconda2:/mnt/c/Users/andre/Anaconda2/Scripts:/mnt/c/Users/andre/AppData/Roaming/npm:/mnt/c/Program Files/heroku/bin:/mnt/c/Users/andre/AppData/Local/Programs/Microsoft VS Code/bin:/snap/bin:/usr/lib/jvm/java-11-oracle/bin:/usr/lib/jvm/java-11-oracle/db/bin
9 verbose lifecycle example-project@1.0.0~test: CWD: /mnt/c/Users/andre/Desktop/Udacity/Weather App/fend/projects/udacity-project4
10 silly lifecycle example-project@1.0.0~test: Args: [ '-c', 'jest' ]
11 silly lifecycle example-project@1.0.0~test: Returned: code: 1  signal: null
12 info lifecycle example-project@1.0.0~test: Failed to exec test script
13 verbose stack Error: example-project@1.0.0 test: `jest`
13 verbose stack Exit status 1
13 verbose stack     at EventEmitter.<anonymous> (/home/andrewos/.nvm/versions/node/v14.2.0/lib/node_modules/npm/node_modules/npm-lifecycle/index.js:332:16)
13 verbose stack     at EventEmitter.emit (events.js:315:20)
13 verbose stack     at ChildProcess.<anonymous> (/home/andrewos/.nvm/versions/node/v14.2.0/lib/node_modules/npm/node_modules/npm-lifecycle/lib/spawn.js:55:14)
13 verbose stack     at ChildProcess.emit (events.js:315:20)
13 verbose stack     at maybeClose (internal/child_process.js:1051:16)
13 verbose stack     at Process.ChildProcess._handle.onexit (internal/child_process.js:287:5)
14 verbose pkgid example-project@1.0.0
15 verbose cwd /mnt/c/Users/andre/Desktop/Udacity/Weather App/fend/projects/udacity-project4
16 verbose Linux 4.4.0-19041-Microsoft
17 verbose argv "/home/andrewos/.nvm/versions/node/v14.2.0/bin/node" "/home/andrewos/.nvm/versions/node/v14.2.0/bin/npm" "run" "test" "--no-cache"
18 verbose node v14.2.0
19 verbose npm  v6.14.4
20 error code ELIFECYCLE
21 error errno 1
22 error example-project@1.0.0 test: `jest`
22 error Exit status 1
23 error Failed at the example-project@1.0.0 test script.
23 error This is probably not a problem with npm. There is likely additional logging output above.
24 verbose exit [ 1, true ]
